<?xml version="1.0" encoding="UTF-8"?>
<!-- Generated by org.testng.reporters.JUnitReportReporter -->
<testsuite skipped="0" hostname="LAPTOP-FT1A29EQ" name="dictionary.WordResolver" tests="1" failures="0" timestamp="2021-03-19T17:21:29 EDT" time="3.579" errors="0">
  <testcase name="matchWords" time="3.579" classname="dictionary.WordResolver"/>
</testsuite> <!-- dictionary.WordResolver -->
