<?xml version="1.0" encoding="UTF-8"?>
<!-- Generated by org.testng.reporters.JUnitReportReporter -->
<testsuite skipped="0" hostname="wkmca0821158.global.publicisgroupe.net" name="dictionary.WordResolver" tests="1" failures="0" timestamp="2021-03-19T18:03:41 EDT" time="13.262" errors="0">
  <testcase name="matchWords" time="13.262" classname="dictionary.WordResolver"/>
  <system-out/>
</testsuite> <!-- dictionary.WordResolver -->
